<?xml version="1.0" encoding="UTF-8"?>
<testsuites tests="12" failures="1" disabled="0" errors="0" time="7.17" timestamp="2026-02-14T10:12:06.102" name="AllTests">
  <testsuite name="TestSoftMuxInterface" tests="12" failures="1" disabled="0" skipped="0" errors="0" time="7.17" timestamp="2026-02-14T10:12:06.102">
    <testcase name="MuxConstruction" file="/home/quyent/Cyclone/sys-arch-2026/onboard/src/soft_mux/test/test_soft_mux.cpp" line="80" status="run" result="completed" time="0.136" timestamp="2026-02-14T10:12:06.102" classname="soft_mux.TestSoftMuxInterface" />
    <testcase name="MuxSendCtrlPwms" file="/home/quyent/Cyclone/sys-arch-2026/onboard/src/soft_mux/test/test_soft_mux.cpp" line="91" status="run" result="completed" time="0.024" timestamp="2026-02-14T10:12:06.238" classname="soft_mux.TestSoftMuxInterface" />
    <testcase name="MuxSendCliPwms" file="/home/quyent/Cyclone/sys-arch-2026/onboard/src/soft_mux/test/test_soft_mux.cpp" line="132" status="run" result="completed" time="0.024" timestamp="2026-02-14T10:12:06.263" classname="soft_mux.TestSoftMuxInterface" />
    <testcase name="MuxTestSetModeService" file="/home/quyent/Cyclone/sys-arch-2026/onboard/src/soft_mux/test/test_soft_mux.cpp" line="173" status="run" result="completed" time="0.024" timestamp="2026-02-14T10:12:06.287" classname="soft_mux.TestSoftMuxInterface" />
    <testcase name="MuxTestGetModeService" file="/home/quyent/Cyclone/sys-arch-2026/onboard/src/soft_mux/test/test_soft_mux.cpp" line="210" status="run" result="completed" time="0.028" timestamp="2026-02-14T10:12:06.312" classname="soft_mux.TestSoftMuxInterface" />
    <testcase name="MuxTestInputHB" file="/home/quyent/Cyclone/sys-arch-2026/onboard/src/soft_mux/test/test_soft_mux.cpp" line="263" status="run" result="completed" time="0.022" timestamp="2026-02-14T10:12:06.340" classname="soft_mux.TestSoftMuxInterface" />
    <testcase name="NoCtrlHeartbeatTriggersStop" file="/home/quyent/Cyclone/sys-arch-2026/onboard/src/soft_mux/test/test_soft_mux.cpp" line="292" status="run" result="completed" time="0.546" timestamp="2026-02-14T10:12:06.363" classname="soft_mux.TestSoftMuxInterface" />
    <testcase name="NoCliHeartbeatTriggersStop" file="/home/quyent/Cyclone/sys-arch-2026/onboard/src/soft_mux/test/test_soft_mux.cpp" line="325" status="run" result="completed" time="0.265" timestamp="2026-02-14T10:12:06.909" classname="soft_mux.TestSoftMuxInterface" />
    <testcase name="NoCtrlHeartbeatonCli" file="/home/quyent/Cyclone/sys-arch-2026/onboard/src/soft_mux/test/test_soft_mux.cpp" line="358" status="run" result="completed" time="1.03" timestamp="2026-02-14T10:12:07.175" classname="soft_mux.TestSoftMuxInterface">
      <failure message="/home/quyent/Cyclone/sys-arch-2026/onboard/src/soft_mux/test/test_soft_mux.cpp:385&#x0A;Expected equality of these values:&#x0A;  most_recent_msg.pwms[i]&#x0A;    Which is: 900&#x0A;  1600&#x0A;" type=""><![CDATA[/home/quyent/Cyclone/sys-arch-2026/onboard/src/soft_mux/test/test_soft_mux.cpp:385
Expected equality of these values:
  most_recent_msg.pwms[i]
    Which is: 900
  1600
]]></failure>
      <failure message="/home/quyent/Cyclone/sys-arch-2026/onboard/src/soft_mux/test/test_soft_mux.cpp:385&#x0A;Expected equality of these values:&#x0A;  most_recent_msg.pwms[i]&#x0A;    Which is: 2100&#x0A;  1600&#x0A;" type=""><![CDATA[/home/quyent/Cyclone/sys-arch-2026/onboard/src/soft_mux/test/test_soft_mux.cpp:385
Expected equality of these values:
  most_recent_msg.pwms[i]
    Which is: 2100
  1600
]]></failure>
      <failure message="/home/quyent/Cyclone/sys-arch-2026/onboard/src/soft_mux/test/test_soft_mux.cpp:384&#x0A;Expected: (most_recent_msg.pwms[i]) != (1500), actual: 1500 vs 1500&#x0A;" type=""><![CDATA[/home/quyent/Cyclone/sys-arch-2026/onboard/src/soft_mux/test/test_soft_mux.cpp:384
Expected: (most_recent_msg.pwms[i]) != (1500), actual: 1500 vs 1500
]]></failure>
      <failure message="/home/quyent/Cyclone/sys-arch-2026/onboard/src/soft_mux/test/test_soft_mux.cpp:385&#x0A;Expected equality of these values:&#x0A;  most_recent_msg.pwms[i]&#x0A;    Which is: 1500&#x0A;  1600&#x0A;" type=""><![CDATA[/home/quyent/Cyclone/sys-arch-2026/onboard/src/soft_mux/test/test_soft_mux.cpp:385
Expected equality of these values:
  most_recent_msg.pwms[i]
    Which is: 1500
  1600
]]></failure>
      <failure message="/home/quyent/Cyclone/sys-arch-2026/onboard/src/soft_mux/test/test_soft_mux.cpp:384&#x0A;Expected: (most_recent_msg.pwms[i]) != (1500), actual: 1500 vs 1500&#x0A;" type=""><![CDATA[/home/quyent/Cyclone/sys-arch-2026/onboard/src/soft_mux/test/test_soft_mux.cpp:384
Expected: (most_recent_msg.pwms[i]) != (1500), actual: 1500 vs 1500
]]></failure>
      <failure message="/home/quyent/Cyclone/sys-arch-2026/onboard/src/soft_mux/test/test_soft_mux.cpp:385&#x0A;Expected equality of these values:&#x0A;  most_recent_msg.pwms[i]&#x0A;    Which is: 1500&#x0A;  1600&#x0A;" type=""><![CDATA[/home/quyent/Cyclone/sys-arch-2026/onboard/src/soft_mux/test/test_soft_mux.cpp:385
Expected equality of these values:
  most_recent_msg.pwms[i]
    Which is: 1500
  1600
]]></failure>
      <failure message="/home/quyent/Cyclone/sys-arch-2026/onboard/src/soft_mux/test/test_soft_mux.cpp:384&#x0A;Expected: (most_recent_msg.pwms[i]) != (1500), actual: 1500 vs 1500&#x0A;" type=""><![CDATA[/home/quyent/Cyclone/sys-arch-2026/onboard/src/soft_mux/test/test_soft_mux.cpp:384
Expected: (most_recent_msg.pwms[i]) != (1500), actual: 1500 vs 1500
]]></failure>
      <failure message="/home/quyent/Cyclone/sys-arch-2026/onboard/src/soft_mux/test/test_soft_mux.cpp:385&#x0A;Expected equality of these values:&#x0A;  most_recent_msg.pwms[i]&#x0A;    Which is: 1500&#x0A;  1600&#x0A;" type=""><![CDATA[/home/quyent/Cyclone/sys-arch-2026/onboard/src/soft_mux/test/test_soft_mux.cpp:385
Expected equality of these values:
  most_recent_msg.pwms[i]
    Which is: 1500
  1600
]]></failure>
      <failure message="/home/quyent/Cyclone/sys-arch-2026/onboard/src/soft_mux/test/test_soft_mux.cpp:384&#x0A;Expected: (most_recent_msg.pwms[i]) != (1500), actual: 1500 vs 1500&#x0A;" type=""><![CDATA[/home/quyent/Cyclone/sys-arch-2026/onboard/src/soft_mux/test/test_soft_mux.cpp:384
Expected: (most_recent_msg.pwms[i]) != (1500), actual: 1500 vs 1500
]]></failure>
      <failure message="/home/quyent/Cyclone/sys-arch-2026/onboard/src/soft_mux/test/test_soft_mux.cpp:385&#x0A;Expected equality of these values:&#x0A;  most_recent_msg.pwms[i]&#x0A;    Which is: 1500&#x0A;  1600&#x0A;" type=""><![CDATA[/home/quyent/Cyclone/sys-arch-2026/onboard/src/soft_mux/test/test_soft_mux.cpp:385
Expected equality of these values:
  most_recent_msg.pwms[i]
    Which is: 1500
  1600
]]></failure>
      <failure message="/home/quyent/Cyclone/sys-arch-2026/onboard/src/soft_mux/test/test_soft_mux.cpp:384&#x0A;Expected: (most_recent_msg.pwms[i]) != (1500), actual: 1500 vs 1500&#x0A;" type=""><![CDATA[/home/quyent/Cyclone/sys-arch-2026/onboard/src/soft_mux/test/test_soft_mux.cpp:384
Expected: (most_recent_msg.pwms[i]) != (1500), actual: 1500 vs 1500
]]></failure>
      <failure message="/home/quyent/Cyclone/sys-arch-2026/onboard/src/soft_mux/test/test_soft_mux.cpp:385&#x0A;Expected equality of these values:&#x0A;  most_recent_msg.pwms[i]&#x0A;    Which is: 1500&#x0A;  1600&#x0A;" type=""><![CDATA[/home/quyent/Cyclone/sys-arch-2026/onboard/src/soft_mux/test/test_soft_mux.cpp:385
Expected equality of these values:
  most_recent_msg.pwms[i]
    Which is: 1500
  1600
]]></failure>
      <failure message="/home/quyent/Cyclone/sys-arch-2026/onboard/src/soft_mux/test/test_soft_mux.cpp:384&#x0A;Expected: (most_recent_msg.pwms[i]) != (1500), actual: 1500 vs 1500&#x0A;" type=""><![CDATA[/home/quyent/Cyclone/sys-arch-2026/onboard/src/soft_mux/test/test_soft_mux.cpp:384
Expected: (most_recent_msg.pwms[i]) != (1500), actual: 1500 vs 1500
]]></failure>
      <failure message="/home/quyent/Cyclone/sys-arch-2026/onboard/src/soft_mux/test/test_soft_mux.cpp:385&#x0A;Expected equality of these values:&#x0A;  most_recent_msg.pwms[i]&#x0A;    Which is: 1500&#x0A;  1600&#x0A;" type=""><![CDATA[/home/quyent/Cyclone/sys-arch-2026/onboard/src/soft_mux/test/test_soft_mux.cpp:385
Expected equality of these values:
  most_recent_msg.pwms[i]
    Which is: 1500
  1600
]]></failure>
    </testcase>
    <testcase name="NoCliHeartbeatonCtrl" file="/home/quyent/Cyclone/sys-arch-2026/onboard/src/soft_mux/test/test_soft_mux.cpp" line="392" status="run" result="completed" time="1.025" timestamp="2026-02-14T10:12:08.206" classname="soft_mux.TestSoftMuxInterface" />
    <testcase name="NoMuxHeartbeat" file="/home/quyent/Cyclone/sys-arch-2026/onboard/src/soft_mux/test/test_soft_mux.cpp" line="426" status="run" result="completed" time="2.022" timestamp="2026-02-14T10:12:09.224" classname="soft_mux.TestSoftMuxInterface" />
    <testcase name="MuxHeartbeat" file="/home/quyent/Cyclone/sys-arch-2026/onboard/src/soft_mux/test/test_soft_mux.cpp" line="444" status="run" result="completed" time="2.017" timestamp="2026-02-14T10:12:11.247" classname="soft_mux.TestSoftMuxInterface" />
  </testsuite>
</testsuites>
