<?xml version="1.0" encoding="UTF-8"?>
<testsuites tests="10" failures="0" disabled="0" errors="0" time="3.58" timestamp="2026-02-14T10:12:06.179" name="AllTests">
  <testsuite name="TestThrustInterface" tests="10" failures="0" disabled="0" skipped="0" errors="0" time="3.58" timestamp="2026-02-14T10:12:06.179">
    <testcase name="NodeConstruction" file="/home/quyent/Cyclone/sys-arch-2026/onboard/src/thrust_interface/test/test_thrust_interface.cpp" line="143" status="run" result="completed" time="0.057" timestamp="2026-02-14T10:12:06.179" classname="thrust_interface.TestThrustInterface" />
    <testcase name="PWMClampingMinimum" file="/home/quyent/Cyclone/sys-arch-2026/onboard/src/thrust_interface/test/test_thrust_interface.cpp" line="155" status="run" result="completed" time="0.329" timestamp="2026-02-14T10:12:06.237" classname="thrust_interface.TestThrustInterface" />
    <testcase name="PWMClampingMaximum" file="/home/quyent/Cyclone/sys-arch-2026/onboard/src/thrust_interface/test/test_thrust_interface.cpp" line="180" status="run" result="completed" time="0.321" timestamp="2026-02-14T10:12:06.566" classname="thrust_interface.TestThrustInterface" />
    <testcase name="ValidPWMValues" file="/home/quyent/Cyclone/sys-arch-2026/onboard/src/thrust_interface/test/test_thrust_interface.cpp" line="205" status="run" result="completed" time="0.315" timestamp="2026-02-14T10:12:06.888" classname="thrust_interface.TestThrustInterface" />
    <testcase name="MixedPWMValues" file="/home/quyent/Cyclone/sys-arch-2026/onboard/src/thrust_interface/test/test_thrust_interface.cpp" line="230" status="run" result="completed" time="0.316" timestamp="2026-02-14T10:12:07.203" classname="thrust_interface.TestThrustInterface" />
    <testcase name="SubscriptionExists" file="/home/quyent/Cyclone/sys-arch-2026/onboard/src/thrust_interface/test/test_thrust_interface.cpp" line="262" status="run" result="completed" time="0.112" timestamp="2026-02-14T10:12:07.520" classname="thrust_interface.TestThrustInterface" />
    <testcase name="CustomPWMLimits" file="/home/quyent/Cyclone/sys-arch-2026/onboard/src/thrust_interface/test/test_thrust_interface.cpp" line="276" status="run" result="completed" time="0.318" timestamp="2026-02-14T10:12:07.633" classname="thrust_interface.TestThrustInterface" />
    <testcase name="BoundaryValues" file="/home/quyent/Cyclone/sys-arch-2026/onboard/src/thrust_interface/test/test_thrust_interface.cpp" line="309" status="run" result="completed" time="0.319" timestamp="2026-02-14T10:12:07.951" classname="thrust_interface.TestThrustInterface" />
    <testcase name="NoHeartbeat" file="/home/quyent/Cyclone/sys-arch-2026/onboard/src/thrust_interface/test/test_thrust_interface.cpp" line="342" status="run" result="completed" time="1.17" timestamp="2026-02-14T10:13:21.970" classname="thrust_interface.TestThrustInterface" />
    <testcase name="ZeroPWM" file="/home/quyent/Cyclone/sys-arch-2026/onboard/src/thrust_interface/test/test_thrust_interface.cpp" line="372" status="run" result="completed" time="0.318" timestamp="2026-02-14T10:12:09.435" classname="thrust_interface.TestThrustInterface" />
  </testsuite>
</testsuites>
