<?xml version="1.0" encoding="UTF-8"?>
<testsuites tests="6" failures="1" disabled="0" errors="0" time="0.105" timestamp="2026-02-14T10:14:09.866" name="AllTests">
  <testsuite name="TestDVLInterface" tests="6" failures="1" disabled="0" skipped="0" errors="0" time="0.105" timestamp="2026-02-14T10:14:09.866">
    <testcase name="DVLConstruction" file="/home/quyent/Cyclone/sys-arch-2026/onboard/src/dvl/test/test_dvl.cpp" line="157" status="run" result="completed" time="0.038" timestamp="2026-02-14T10:14:09.866" classname="dvl.TestDVLInterface" />
    <testcase name="ValidReadVelocityReport" file="/home/quyent/Cyclone/sys-arch-2026/onboard/src/dvl/test/test_dvl.cpp" line="169" status="run" result="completed" time="0.014" timestamp="2026-02-14T10:14:09.905" classname="dvl.TestDVLInterface" />
    <testcase name="ValidReadDRReport" file="/home/quyent/Cyclone/sys-arch-2026/onboard/src/dvl/test/test_dvl.cpp" line="192" status="run" result="completed" time="0.013" timestamp="2026-02-14T10:14:09.919" classname="dvl.TestDVLInterface" />
    <testcase name="DVLPublishVR" file="/home/quyent/Cyclone/sys-arch-2026/onboard/src/dvl/test/test_dvl.cpp" line="230" status="run" result="completed" time="0.013" timestamp="2026-02-14T10:14:09.933" classname="dvl.TestDVLInterface" />
    <testcase name="DVLPublishDRR" file="/home/quyent/Cyclone/sys-arch-2026/onboard/src/dvl/test/test_dvl.cpp" line="277" status="run" result="completed" time="0.011" timestamp="2026-02-14T10:14:09.947" classname="dvl.TestDVLInterface" />
    <testcase name="DVLPublishConfig" file="/home/quyent/Cyclone/sys-arch-2026/onboard/src/dvl/test/test_dvl.cpp" line="309" status="run" result="completed" time="0.012" timestamp="2026-02-14T10:14:09.958" classname="dvl.TestDVLInterface">
      <failure message="unknown file&#x0A;C++ exception with description &quot;Serial write error: Bad file descriptor&quot; thrown in the test body.&#x0A;" type=""><![CDATA[unknown file
C++ exception with description "Serial write error: Bad file descriptor" thrown in the test body.
]]></failure>
    </testcase>
  </testsuite>
</testsuites>
